2024-12-16 16:08:00 | WARN | repo=nnn | action=commit
2024-09-24 07:43:00 | INFO | repo=nnn | action=test | passed=true
2025-11-07 09:58:00 | DEBUG | repo=nnn | action=commit
2025-05-05 13:39:00 | INFO | repo=nnn | action=test | passed=true
2024-03-15 07:42:00 | DEBUG | repo=nnn | action=commit
2024-01-27 21:12:00 | DEBUG | repo=nnn | action=commit
2024-04-20 11:22:00 | WARN | repo=nnn | action=commit
2025-02-06 08:26:00 | INFO | repo=nnn | action=commit
2024-06-17 10:44:00 | INFO | repo=nnn | action=commit
2024-07-12 09:21:00 | WARN | repo=nnn | action=edit | files=2
2025-11-01 07:43:00 | INFO | repo=nnn | action=commit
2025-02-11 10:17:00 | INFO | repo=nnn | action=commit
2025-07-26 14:59:00 | DEBUG | repo=nnn | action=commit
2024-12-08 21:59:00 | WARN | repo=nnn | action=commit
2024-10-12 12:30:00 | WARN | repo=nnn | action=commit
2025-03-07 08:03:00 | INFO | repo=nnn | action=commit
2025-06-22 20:34:00 | WARN | repo=nnn | action=commit
2025-10-15 10:14:00 | WARN | repo=nnn | action=commit
2025-06-04 09:43:00 | DEBUG | repo=nnn | action=pull
2025-04-27 16:23:00 | WARN | repo=nnn | action=commit
2025-10-27 18:35:00 | DEBUG | repo=nnn | action=commit
